<?xml version="1.0" encoding="UTF-8"?>
<testsuite xmlns:xsi="http://www.w3.org/2001/XMLSchema-instance" xsi:noNamespaceSchemaLocation="https://maven.apache.org/surefire/maven-surefire-plugin/xsd/surefire-test-report.xsd" name="TestSuite" time="80.965" tests="4" errors="0" skipped="0" failures="1">
  <properties>
[...]
</properties>
  <testcase name="basePageNavigation" classname="Academy.HomePage" time="14.004"/>
  <testcase name="basePageNavigation" classname="Academy.HomePage" time="30.661"/>
  <testcase name="validateAppTitle" classname="Academy.validateTitle" time="0.083">
    <failure message="expected [FEATURED CO123URSES] but found [FEATURED COURSES]" type="java.lang.AssertionError">java.lang.AssertionError: expected [FEATURED CO123URSES] but found [FEATURED COURSES]
	at Academy.validateTitle.validateAppTitle(validateTitle.java:43)
</failure>
    <system-out><![CDATA[chrome
]]></system-out>
    <system-err><![CDATA[Starting ChromeDriver 80.0.3987.106 (f68069574609230cf9b635cd784cfb1bf81bb53a-refs/branch-heads/3987@{#882}) on port 24601
Only local connections are allowed.
Please protect ports used by ChromeDriver and related test frameworks to prevent access by malicious code.
[1588346388.155][WARNING]: This version of ChromeDriver has not been tested with Chrome version 81.
[1588346390.190][WARNING]: Timed out connecting to Chrome, retrying...
May 01, 2020 11:19:52 AM org.openqa.selenium.remote.ProtocolHandshake createSession
INFO: Detected dialect: W3C
[1588346394.570][SEVERE]: Timed out receiving message from renderer: 0.100
[1588346394.671][SEVERE]: Timed out receiving message from renderer: 0.100
[1588346394.842][SEVERE]: Timed out receiving message from renderer: 0.100
[1588346394.947][SEVERE]: Timed out receiving message from renderer: 0.100
[1588346395.049][SEVERE]: Timed out receiving message from renderer: 0.100
[1588346395.150][SEVERE]: Timed out receiving message from renderer: 0.100
[1588346395.331][SEVERE]: Timed out receiving message from renderer: 0.100
[1588346395.433][SEVERE]: Timed out receiving message from renderer: 0.100
[1588346395.534][SEVERE]: Timed out receiving message from renderer: 0.100
[1588346395.635][SEVERE]: Timed out receiving message from renderer: 0.100
[1588346395.736][SEVERE]: Timed out receiving message from renderer: 0.100
[1588346395.839][SEVERE]: Timed out receiving message from renderer: 0.100
[1588346397.143][SEVERE]: Timed out receiving message from renderer: 0.100
[1588346397.318][SEVERE]: Timed out receiving message from renderer: 0.100
]]></system-err>
  </testcase>
  <testcase name="validateAppNavBar" classname="Academy.validateNavigationBar" time="0.242"/>
</testsuite>