<?xml version="1.0" encoding="UTF-8"?>
<testng-results ignored="0" total="1" passed="1" failed="0" skipped="0">
  <reporter-output>
  </reporter-output>
  <suite started-at="2022-07-03T11:24:47 EDT" name="Default suite" finished-at="2022-07-03T11:25:01 EDT" duration-ms="13674">
    <groups>
    </groups>
    <test started-at="2022-07-03T11:24:47 EDT" name="Default test" finished-at="2022-07-03T11:25:01 EDT" duration-ms="13674">
      <class name="rahulshettyacademy.IOSBasics">
        <test-method is-config="true" signature="ConfigureAppium()[pri:0, instance:rahulshettyacademy.IOSBasics@27f981c6]" started-at="2022-07-03T11:24:47 EDT" name="ConfigureAppium" finished-at="2022-07-03T11:24:56 EDT" duration-ms="8433" status="PASS">
          <reporter-output>
          </reporter-output>
        </test-method> <!-- ConfigureAppium -->
        <test-method signature="IOSBasicsTest()[pri:0, instance:rahulshettyacademy.IOSBasics@27f981c6]" started-at="2022-07-03T11:24:56 EDT" name="IOSBasicsTest" finished-at="2022-07-03T11:25:00 EDT" duration-ms="4103" status="PASS">
          <reporter-output>
          </reporter-output>
        </test-method> <!-- IOSBasicsTest -->
        <test-method is-config="true" signature="tearDown()[pri:0, instance:rahulshettyacademy.IOSBasics@27f981c6]" started-at="2022-07-03T11:25:00 EDT" name="tearDown" finished-at="2022-07-03T11:25:01 EDT" duration-ms="1120" status="PASS">
          <reporter-output>
          </reporter-output>
        </test-method> <!-- tearDown -->
      </class> <!-- rahulshettyacademy.IOSBasics -->
    </test> <!-- Default test -->
  </suite> <!-- Default suite -->
</testng-results>
