<?xml version="1.0" encoding="UTF-8"?>
<testng-results skipped="0" failed="0" ignored="3" total="5" passed="2">
  <reporter-output>
  </reporter-output>
  <suite name="Suite" duration-ms="39584" started-at="2022-07-06T13:05:59Z" finished-at="2022-07-06T13:06:38Z">
    <groups>
      <group name="Smoke">
        <method signature="eCommerce_tc_4_Hybrid.FillForm(java.util.HashMap)[pri:0, instance:org.rahulshettyacademy.eCommerce_tc_4_Hybrid@7770f470]" name="FillForm" class="org.rahulshettyacademy.eCommerce_tc_4_Hybrid"/>
      </group> <!-- Smoke -->
    </groups>
    <test name="End to end Framework Test" duration-ms="38930" started-at="2022-07-06T13:05:59Z" finished-at="2022-07-06T13:06:38Z">
      <class name="org.rahulshettyacademy.eCommerce_tc_4_Hybrid">
        <test-method status="PASS" signature="ConfigureAppium()[pri:0, instance:org.rahulshettyacademy.eCommerce_tc_4_Hybrid@7770f470]" name="ConfigureAppium" is-config="true" duration-ms="12426" started-at="2022-07-06T13:05:59Z" finished-at="2022-07-06T13:06:11Z">
          <reporter-output>
          </reporter-output>
        </test-method> <!-- ConfigureAppium -->
        <test-method status="PASS" signature="preSetup()[pri:0, instance:org.rahulshettyacademy.eCommerce_tc_4_Hybrid@7770f470]" name="preSetup" is-config="true" duration-ms="689" started-at="2022-07-06T13:06:11Z" finished-at="2022-07-06T13:06:12Z">
          <reporter-output>
          </reporter-output>
        </test-method> <!-- preSetup -->
        <test-method status="PASS" signature="FillForm(java.util.HashMap)[pri:0, instance:org.rahulshettyacademy.eCommerce_tc_4_Hybrid@7770f470]" name="FillForm" duration-ms="12763" started-at="2022-07-06T13:06:12Z" data-provider="getData" finished-at="2022-07-06T13:06:25Z">
          <params>
            <param index="0">
              <value>
                <![CDATA[{name=rahul shetty, country=Argentina, gender=Female}]]>
              </value>
            </param>
          </params>
          <reporter-output>
          </reporter-output>
        </test-method> <!-- FillForm -->
        <test-method status="PASS" signature="preSetup()[pri:0, instance:org.rahulshettyacademy.eCommerce_tc_4_Hybrid@7770f470]" name="preSetup" is-config="true" duration-ms="722" started-at="2022-07-06T13:06:25Z" finished-at="2022-07-06T13:06:26Z">
          <reporter-output>
          </reporter-output>
        </test-method> <!-- preSetup -->
        <test-method status="PASS" signature="FillForm(java.util.HashMap)[pri:0, instance:org.rahulshettyacademy.eCommerce_tc_4_Hybrid@7770f470]" name="FillForm" duration-ms="11662" started-at="2022-07-06T13:06:26Z" data-provider="getData" finished-at="2022-07-06T13:06:37Z">
          <params>
            <param index="0">
              <value>
                <![CDATA[{name=shetty MR, country=Argentina, gender=male}]]>
              </value>
            </param>
          </params>
          <reporter-output>
          </reporter-output>
        </test-method> <!-- FillForm -->
        <test-method status="PASS" signature="tearDown()[pri:0, instance:org.rahulshettyacademy.eCommerce_tc_4_Hybrid@7770f470]" name="tearDown" is-config="true" duration-ms="334" started-at="2022-07-06T13:06:37Z" finished-at="2022-07-06T13:06:38Z">
          <reporter-output>
          </reporter-output>
        </test-method> <!-- tearDown -->
      </class> <!-- org.rahulshettyacademy.eCommerce_tc_4_Hybrid -->
    </test> <!-- End to end Framework Test -->
    <test name="Error Validations Test" duration-ms="7" started-at="2022-07-06T13:06:38Z" finished-at="2022-07-06T13:06:38Z">
    </test> <!-- Error Validations Test -->
    <test name="IOS Test" duration-ms="1" started-at="2022-07-06T13:06:38Z" finished-at="2022-07-06T13:06:38Z">
    </test> <!-- IOS Test -->
  </suite> <!-- Suite -->
</testng-results>
