<?xml version="1.0" encoding="UTF-8"?>
<!-- Generated by org.testng.reporters.JUnitXMLReporter -->
<testsuite hostname="MacBook-Pro.attlocal.net" ignored="2" tests="0" failures="0" timestamp="06 Jul 2022 13:06:38 GMT" time="0.007" errors="0">
  <testcase name="FillForm_ErrorValidation" time="0.0" classname="org.rahulshettyacademy.eCommerce_tc_2">
    <ignored/>
  </testcase> <!-- FillForm_ErrorValidation -->
  <testcase name="FillForm_PositiveFlow" time="0.0" classname="org.rahulshettyacademy.eCommerce_tc_2">
    <ignored/>
  </testcase> <!-- FillForm_PositiveFlow -->
</testsuite>
